----------------------------------------------------------------------------------------------------
      name:  <unnamed>
       log:  /Users/stephenmorgan/GitHub/steve-simulations/morgan-figure-4-5-sim-01.log
  log type:  text
 opened on:  21 Aug 2020, 16:49:52

. 
. *******************************************************************************
. *** set the number of observations
. *******************************************************************************
. 
. set obs 1000000
number of observations (_N) was 0, now 1,000,000

. 
. *******************************************************************************
. *** generate data
. *******************************************************************************
. 
. gen u = rnormal()

. gen v = rnormal()

. gen ytminus2 = u + v + rnormal()

. 
. gen ytminus1 = ytminus2 + rnormal()

. 
. gen dindex = -1 + v

. gen trueps = exp(dindex)/(1+exp(dindex))

. gen d = rbinomial(1, trueps)

. * gen d = v + rnormal() /* alternative linear d */
. 
. gen y0 = 20 + u + ytminus1 + rnormal()

. gen dshock = rnormal()

. gen ite = 1 + dshock

. gen y1 = y0 + ite

. gen y = (1-d)*y0 + d*y1

. * gen y = 10 + u + ytminus1 + d + rnormal() /* alternative w/o potential o's */
. 
. *******************************************************************************
. *** summary statistics for simulated data
. *******************************************************************************
. 
. summ

    Variable |        Obs        Mean    Std. Dev.       Min        Max
-------------+---------------------------------------------------------
           u |  1,000,000   -.0005732    1.000161  -4.852753   4.498726
           v |  1,000,000   -.0007505    1.000029  -5.092384   4.844134
    ytminus2 |  1,000,000   -.0012753    1.732346  -9.085271   7.975878
    ytminus1 |  1,000,000   -.0034157    2.000026  -9.741435   9.981734
      dindex |  1,000,000   -1.000751    1.000029  -6.092384   3.844134
-------------+---------------------------------------------------------
      trueps |  1,000,000    .3031241    .1826075   .0022549   .9790437
           d |  1,000,000     .303837    .4599133          0          1
          y0 |  1,000,000     19.9955     2.82776   6.352042   33.35485
      dshock |  1,000,000    .0007153    .9996469   -5.05657   4.609595
         ite |  1,000,000    1.000715    .9996469   -4.05657   5.609595
-------------+---------------------------------------------------------
          y1 |  1,000,000    20.99621    3.000958   7.267181   35.44217
           y |  1,000,000     20.2995    2.978646   6.352042   34.34272

. 
. /*
> preserve
> 
> sample 10000, count
> 
> dotplot u v ytminus2 ytminus1 d y
> graph export tmp451.pdf, replace
> 
> kdensity y, nograph generate(x fx)
> kdensity y if d==0, nograph generate(fx0) at(x)
> kdensity y if d==1, nograph generate(fx1) at(x)
> label var fx0 "Control"
> label var fx1 "Treatment"
> line fx0 fx1 x, sort ytitle(Density)
> graph export tmp452.pdf, replace
> 
> restore
> */
. 
. mean y0 ite y1 u v d y ytminus1 ytminus2, over(d)

Mean estimation                   Number of obs   =  1,000,000

            0: d = 0
            1: d = 1

--------------------------------------------------------------
        Over |       Mean   Std. Err.     [95% Conf. Interval]
-------------+------------------------------------------------
y0           |
           0 |      19.74       0.00         19.74       19.75
           1 |      20.58       0.01         20.57       20.59
-------------+------------------------------------------------
ite          |
           0 |       1.00       0.00          1.00        1.00
           1 |       1.00       0.00          1.00        1.00
-------------+------------------------------------------------
y1           |
           0 |      20.74       0.00         20.74       20.75
           1 |      21.58       0.01         21.57       21.59
-------------+------------------------------------------------
u            |
           0 |       0.00       0.00         -0.00        0.00
           1 |      -0.00       0.00         -0.01        0.00
-------------+------------------------------------------------
v            |
           0 |      -0.26       0.00         -0.26       -0.25
           1 |       0.58       0.00          0.58        0.59
-------------+------------------------------------------------
d            |
           0 |       0.00  (omitted)
           1 |       1.00       0.00             .           .
-------------+------------------------------------------------
y            |
           0 |      19.74       0.00         19.74       19.75
           1 |      21.58       0.01         21.57       21.59
-------------+------------------------------------------------
ytminus1     |
           0 |      -0.26       0.00         -0.26       -0.25
           1 |       0.58       0.00          0.57        0.59
-------------+------------------------------------------------
ytminus2     |
           0 |      -0.25       0.00         -0.26       -0.25
           1 |       0.58       0.00          0.57        0.59
--------------------------------------------------------------

. corr y0 ite y1 u v d y ytminus1 ytminus2
(obs=1,000,000)

             |       y0      ite       y1        u        v        d        y ytminus1 ytminus2
-------------+---------------------------------------------------------------------------------
          y0 |   1.0000
         ite |   0.0018   1.0000
          y1 |   0.9429   0.3348   1.0000
           u |   0.7066   0.0027   0.6667   1.0000
           v |   0.3532   0.0005   0.3330  -0.0014   1.0000
           d |   0.1357  -0.0001   0.1279  -0.0012   0.3860   1.0000
           y |   0.9708   0.1037   0.9493   0.6711   0.3951   0.2833   1.0000
    ytminus1 |   0.8839   0.0005   0.8331   0.4995   0.5002   0.1925   0.8691   1.0000
    ytminus2 |   0.8161   0.0019   0.7696   0.5764   0.5772   0.2215   0.8094   0.8661   1.0000


. 
. *******************************************************************************
. *** set up macros for specifications
. *******************************************************************************
. 
. global outcome "y"

. global treatment "d"

. 
. global short " "

. global correct "v"

. 
. global bdcolliderdescendant "ytminus1"

. global bdcolliders "ytminus2 ytminus1"

. 
. global long "v ytminus2 ytminus1"

. global all "v u ytminus2 ytminus1"

. 
. global mediator " "

. 
. *******************************************************************************
. *** regression estimators
. *******************************************************************************
. 
. regress $outcome $treatment

      Source |       SS           df       MS      Number of obs   = 1,000,000
-------------+----------------------------------   F(1, 999998)    =  87285.07
       Model |  712253.707         1  712253.707   Prob > F        =    0.0000
    Residual |  8160070.24   999,998  8.16008656   R-squared       =    0.0803
-------------+----------------------------------   Adj R-squared   =    0.0803
       Total |  8872323.95   999,999  8.87233282   Root MSE        =    2.8566

------------------------------------------------------------------------------
           y |      Coef.   Std. Err.      t    P>|t|     [95% Conf. Interval]
-------------+----------------------------------------------------------------
           d |       1.84       0.01   295.44    0.00         1.82        1.85
       _cons |      19.74       0.00  5766.31    0.00        19.74       19.75
------------------------------------------------------------------------------

. regress $outcome $treatment $correct

      Source |       SS           df       MS      Number of obs   = 1,000,000
-------------+----------------------------------   F(2, 999997)    >  99999.00
       Model |  1563443.84         2   781721.92   Prob > F        =    0.0000
    Residual |  7308880.11   999,997  7.30890203   R-squared       =    0.1762
-------------+----------------------------------   Adj R-squared   =    0.1762
       Total |  8872323.95   999,999  8.87233282   Root MSE        =    2.7035

------------------------------------------------------------------------------
           y |      Coef.   Std. Err.      t    P>|t|     [95% Conf. Interval]
-------------+----------------------------------------------------------------
           d |       1.00       0.01   156.24    0.00         0.98        1.01
           v |       1.00       0.00   341.26    0.00         0.99        1.01
       _cons |      20.00       0.00  6012.98    0.00        19.99       20.00
------------------------------------------------------------------------------

. regress $outcome $treatment $bdcolliderdescendant

      Source |       SS           df       MS      Number of obs   = 1,000,000
-------------+----------------------------------   F(2, 999997)    >  99999.00
       Model |  6826208.16         2  3413104.08   Prob > F        =    0.0000
    Residual |  2046115.79   999,997  2.04612193   R-squared       =    0.7694
-------------+----------------------------------   Adj R-squared   =    0.7694
       Total |  8872323.95   999,999  8.87233282   Root MSE        =    1.4304

------------------------------------------------------------------------------
           y |      Coef.   Std. Err.      t    P>|t|     [95% Conf. Interval]
-------------+----------------------------------------------------------------
           d |       0.78       0.00   246.28    0.00         0.77        0.79
    ytminus1 |       1.26       0.00  1728.60    0.00         1.26        1.26
       _cons |      20.07       0.00  1.2e+04    0.00        20.06       20.07
------------------------------------------------------------------------------

. regress $outcome $treatment $bdcolliders

      Source |       SS           df       MS      Number of obs   = 1,000,000
-------------+----------------------------------   F(3, 999996)    >  99999.00
       Model |  6916051.33         3  2305350.44   Prob > F        =    0.0000
    Residual |  1956272.62   999,996  1.95628045   R-squared       =    0.7795
-------------+----------------------------------   Adj R-squared   =    0.7795
       Total |  8872323.95   999,999  8.87233282   Root MSE        =    1.3987

------------------------------------------------------------------------------
           y |      Coef.   Std. Err.      t    P>|t|     [95% Conf. Interval]
-------------+----------------------------------------------------------------
           d |       0.71       0.00   226.33    0.00         0.70        0.71
    ytminus2 |       0.35       0.00   214.30    0.00         0.35        0.35
    ytminus1 |       1.00       0.00   716.00    0.00         1.00        1.00
       _cons |      20.09       0.00  1.2e+04    0.00        20.09       20.09
------------------------------------------------------------------------------

. regress $outcome $treatment $long

      Source |       SS           df       MS      Number of obs   = 1,000,000
-------------+----------------------------------   F(4, 999995)    >  99999.00
       Model |  7065849.24         4  1766462.31   Prob > F        =    0.0000
    Residual |   1806474.7   999,995  1.80648373   R-squared       =    0.7964
-------------+----------------------------------   Adj R-squared   =    0.7964
       Total |  8872323.95   999,999  8.87233282   Root MSE        =    1.3441

------------------------------------------------------------------------------
           y |      Coef.   Std. Err.      t    P>|t|     [95% Conf. Interval]
-------------+----------------------------------------------------------------
           d |       1.00       0.00   316.16    0.00         1.00        1.01
           v |      -0.50       0.00  -287.96    0.00        -0.50       -0.50
    ytminus2 |       0.50       0.00   302.42    0.00         0.49        0.50
    ytminus1 |       1.00       0.00   745.17    0.00         1.00        1.00
       _cons |      20.00       0.00  1.2e+04    0.00        20.00       20.00
------------------------------------------------------------------------------

. regress $outcome $treatment $all

      Source |       SS           df       MS      Number of obs   = 1,000,000
-------------+----------------------------------   F(5, 999994)    >  99999.00
       Model |  7566894.45         5  1513378.89   Prob > F        =    0.0000
    Residual |   1305429.5   999,994  1.30543733   R-squared       =    0.8529
-------------+----------------------------------   Adj R-squared   =    0.8529
       Total |  8872323.95   999,999  8.87233282   Root MSE        =    1.1426

------------------------------------------------------------------------------
           y |      Coef.   Std. Err.      t    P>|t|     [95% Conf. Interval]
-------------+----------------------------------------------------------------
           d |       1.00       0.00   371.45    0.00         1.00        1.01
           v |       0.00       0.00     0.36    0.72        -0.00        0.00
           u |       1.00       0.00   619.53    0.00         1.00        1.00
    ytminus2 |      -0.00       0.00    -0.88    0.38        -0.00        0.00
    ytminus1 |       1.00       0.00   875.87    0.00         1.00        1.00
       _cons |      20.00       0.00  1.4e+04    0.00        20.00       20.00
------------------------------------------------------------------------------

. 
. log close
      name:  <unnamed>
       log:  /Users/stephenmorgan/GitHub/steve-simulations/morgan-figure-4-5-sim-01.log
  log type:  text
 closed on:  21 Aug 2020, 16:49:57
----------------------------------------------------------------------------------------------------
